[2019-10-10 12:22:44] Unknown column 'aaa' in 'field list' 
[2019-10-14 09:41:11] Table 'ask.user' doesn't exist 
[2019-10-14 11:18:44] You have an error in your SQL syntax; check the manual that corresponds to your MySQL server version for the right syntax to use near 'SELECT * FROM pre_cate AS cate WHERE 1' at line 1 
[2019-10-14 11:18:44] You have an error in your SQL syntax; check the manual that corresponds to your MySQL server version for the right syntax to use near 'SELECT * FROM pre_cate AS cate WHERE 1' at line 1 
[2019-10-14 11:18:45] You have an error in your SQL syntax; check the manual that corresponds to your MySQL server version for the right syntax to use near 'SELECT * FROM pre_cate AS cate WHERE 1' at line 1 
[2019-10-14 11:19:59] You have an error in your SQL syntax; check the manual that corresponds to your MySQL server version for the right syntax to use near 'SELECT * FROM pre_cate AS cate' at line 1 
[2019-10-14 11:19:59] You have an error in your SQL syntax; check the manual that corresponds to your MySQL server version for the right syntax to use near 'SELECT * FROM pre_cate AS cate' at line 1 
[2019-10-14 11:20:00] You have an error in your SQL syntax; check the manual that corresponds to your MySQL server version for the right syntax to use near 'SELECT * FROM pre_cate AS cate' at line 1 
[2019-10-14 11:20:00] You have an error in your SQL syntax; check the manual that corresponds to your MySQL server version for the right syntax to use near 'SELECT * FROM pre_cate AS cate' at line 1 
[2019-10-14 12:14:23] You have an error in your SQL syntax; check the manual that corresponds to your MySQL server version for the right syntax to use near 'post.userid = 1 ORDER BY post.id desc LIMIT 0,5' at line 1 
[2019-10-14 12:15:20] You have an error in your SQL syntax; check the manual that corresponds to your MySQL server version for the right syntax to use near 'WHERE post.userid = 1 ORDER BY post.id desc LIMIT 0,5' at line 1 
[2019-10-15 09:07:57] You have an error in your SQL syntax; check the manual that corresponds to your MySQL server version for the right syntax to use near '' at line 1 
[2019-10-15 10:33:51] You have an error in your SQL syntax; check the manual that corresponds to your MySQL server version for the right syntax to use near 'key = 'pay'' at line 1 
[2019-10-15 10:33:51] You have an error in your SQL syntax; check the manual that corresponds to your MySQL server version for the right syntax to use near 'key = 'pay'' at line 1 
[2019-10-15 10:33:51] You have an error in your SQL syntax; check the manual that corresponds to your MySQL server version for the right syntax to use near 'key = 'pay'' at line 1 
[2019-10-17 09:32:44] You have an error in your SQL syntax; check the manual that corresponds to your MySQL server version for the right syntax to use near '' at line 1 
[2019-10-17 10:36:07] You have an error in your SQL syntax; check the manual that corresponds to your MySQL server version for the right syntax to use near 'show = 1 ORDER BY weight asc' at line 1 
[2019-11-12 06:34:25] Unknown column 'status' in 'where clause' 
[2019-11-12 06:39:34] Table 'food.pre_food' doesn't exist 
[2019-11-12 06:39:57] Table 'food.pre_food' doesn't exist 
[2019-11-12 06:40:12] Table 'food.pre_food' doesn't exist 
[2019-11-12 06:40:26] Table 'food.pre_food' doesn't exist 
[2019-11-12 09:30:27] You have an error in your SQL syntax; check the manual that corresponds to your MySQL server version for the right syntax to use near 'LIMIT 10' at line 1 
[2019-11-12 14:57:57] You have an error in your SQL syntax; check the manual that corresponds to your MySQL server version for the right syntax to use near 'LIMIT 10' at line 1 
[2019-11-12 15:44:28] You have an error in your SQL syntax; check the manual that corresponds to your MySQL server version for the right syntax to use near '' at line 1 
[2019-11-14 07:52:56] You have an error in your SQL syntax; check the manual that corresponds to your MySQL server version for the right syntax to use near '' at line 1 
[2019-11-14 07:56:46] You have an error in your SQL syntax; check the manual that corresponds to your MySQL server version for the right syntax to use near '' at line 1 
[2019-11-14 07:58:18] You have an error in your SQL syntax; check the manual that corresponds to your MySQL server version for the right syntax to use near '' at line 1 
[2019-11-15 07:38:46] You have an error in your SQL syntax; check the manual that corresponds to your MySQL server version for the right syntax to use near '' at line 1 
[2019-11-15 07:38:50] You have an error in your SQL syntax; check the manual that corresponds to your MySQL server version for the right syntax to use near '' at line 1 
[2019-11-18 13:27:00] Table 'food.pre_user' doesn't exist 
[2019-11-18 13:27:01] Table 'food.pre_user' doesn't exist 
[2019-11-18 13:27:16] Table 'food.pre_user' doesn't exist 
[2019-11-18 15:15:16] You have an error in your SQL syntax; check the manual that corresponds to your MySQL server version for the right syntax to use near 'order WHERE id = 3' at line 1 
[2019-11-18 15:18:53] You have an error in your SQL syntax; check the manual that corresponds to your MySQL server version for the right syntax to use near 'order WHERE id = 3' at line 1 
[2019-11-18 15:19:02] You have an error in your SQL syntax; check the manual that corresponds to your MySQL server version for the right syntax to use near 'order WHERE id = 3' at line 1 
[2019-11-18 15:33:37] You have an error in your SQL syntax; check the manual that corresponds to your MySQL server version for the right syntax to use near '' at line 1 
[2019-11-18 15:45:21] Unknown column 'addrid' in 'where clause' 
[2019-11-18 15:45:55] Unknown column 'addrid' in 'where clause' 
[2019-11-18 15:46:36] Unknown column 'addrid' in 'where clause' 
[2019-11-18 15:47:07] Unknown column 'addrid' in 'where clause' 
[2019-11-18 16:13:55] Unknown column 'orderid' in 'where clause' 
[2019-11-18 16:14:00] Unknown column 'orderid' in 'where clause' 
[2019-11-20 15:37:50] You have an error in your SQL syntax; check the manual that corresponds to your MySQL server version for the right syntax to use near '' at line 1 
[2019-11-20 15:41:45] You have an error in your SQL syntax; check the manual that corresponds to your MySQL server version for the right syntax to use near '' at line 1 
[2019-11-20 15:55:16] You have an error in your SQL syntax; check the manual that corresponds to your MySQL server version for the right syntax to use near '' at line 1 
[2019-11-20 15:57:55] Cannot add or update a child row: a foreign key constraint fails (`food`.`pre_order`, CONSTRAINT `fk_order_addrid` FOREIGN KEY (`addrid`) REFERENCES `pre_user_address` (`id`) ON DELETE SET NULL ON UPDATE NO ACTION) 
[2019-11-20 15:58:28] Cannot add or update a child row: a foreign key constraint fails (`food`.`pre_order`, CONSTRAINT `fk_order_addrid` FOREIGN KEY (`addrid`) REFERENCES `pre_user_address` (`id`) ON DELETE SET NULL ON UPDATE NO ACTION) 
[2019-11-20 16:00:08] Cannot add or update a child row: a foreign key constraint fails (`food`.`pre_order`, CONSTRAINT `fk_order_addrid` FOREIGN KEY (`addrid`) REFERENCES `pre_user_address` (`id`) ON DELETE SET NULL ON UPDATE NO ACTION) 
[2019-11-20 16:00:37] Cannot add or update a child row: a foreign key constraint fails (`food`.`pre_order`, CONSTRAINT `fk_order_addrid` FOREIGN KEY (`addrid`) REFERENCES `pre_user_address` (`id`) ON DELETE SET NULL ON UPDATE NO ACTION) 
[2019-11-20 16:17:53] You have an error in your SQL syntax; check the manual that corresponds to your MySQL server version for the right syntax to use near '' at line 1 
[2019-11-20 16:17:55] You have an error in your SQL syntax; check the manual that corresponds to your MySQL server version for the right syntax to use near '' at line 1 
[2019-11-20 16:18:01] You have an error in your SQL syntax; check the manual that corresponds to your MySQL server version for the right syntax to use near '' at line 1 
[2019-11-20 13:17:17] Unknown column 'userid' in 'where clause' 
[2019-11-20 13:29:02] Unknown column 'userid' in 'where clause' 
[2019-11-20 13:30:27] Unknown column 'userid' in 'where clause' 
[2019-11-20 13:30:50] Unknown column 'userid' in 'where clause' 
[2019-11-20 13:32:41] You have an error in your SQL syntax; check the manual that corresponds to your MySQL server version for the right syntax to use near 'order ON order.id = order_comment.orderid WHERE userid = 1' at line 1 
[2019-11-20 13:35:43] You have an error in your SQL syntax; check the manual that corresponds to your MySQL server version for the right syntax to use near 'order ON order.id = order_comment.orderid WHERE order_comment.userid = 1' at line 1 
[2019-11-20 13:36:06] You have an error in your SQL syntax; check the manual that corresponds to your MySQL server version for the right syntax to use near 'order ON order.id = order_comment.orderid WHERE order_comment.userid = 1' at line 1 
[2019-11-20 13:54:18] Unknown column 'order.ordersn' in 'field list' 
[2019-11-20 13:54:57] Unknown column 'commtent.userid' in 'where clause' 
[2019-11-20 13:55:36] Unknown column 'order.id' in 'on clause' 
[2019-11-20 13:56:17] Unknown column 'pre_order_comment.orderid' in 'on clause' 
[2019-11-20 13:56:51] Unknown column 'order_comment.orderid' in 'on clause' 
[2019-11-20 13:58:48] You have an error in your SQL syntax; check the manual that corresponds to your MySQL server version for the right syntax to use near 'order ON order.id = order_comment.orderid WHERE order_comment.userid = 1' at line 1 
[2019-11-20 15:44:31] You have an error in your SQL syntax; check the manual that corresponds to your MySQL server version for the right syntax to use near '' at line 1 
[2019-11-20 15:45:54] You have an error in your SQL syntax; check the manual that corresponds to your MySQL server version for the right syntax to use near '' at line 1 
[2019-11-20 15:46:02] You have an error in your SQL syntax; check the manual that corresponds to your MySQL server version for the right syntax to use near '' at line 1 
[2019-11-20 15:50:06] You have an error in your SQL syntax; check the manual that corresponds to your MySQL server version for the right syntax to use near '' at line 1 
[2019-11-20 15:51:55] You have an error in your SQL syntax; check the manual that corresponds to your MySQL server version for the right syntax to use near '' at line 1 
[2019-11-20 15:54:02] You have an error in your SQL syntax; check the manual that corresponds to your MySQL server version for the right syntax to use near '' at line 1 
[2019-11-21 15:05:55] Unknown column 'status' in 'where clause' 
[2019-11-21 15:06:45] Unknown column 'status' in 'where clause' 
[2019-11-21 18:50:35] You have an error in your SQL syntax; check the manual that corresponds to your MySQL server version for the right syntax to use near 'order WHERE ordersn = t07MOtpyc6' at line 1 
[2019-11-21 18:55:29] Unknown column 'd49RieRPHB' in 'where clause' 
[2019-11-21 19:09:46] You have an error in your SQL syntax; check the manual that corresponds to your MySQL server version for the right syntax to use near 'order WHERE ordersn = 2wAeJv4Nup' at line 1 
[2019-11-21 19:10:04] Unknown column 'apZEvn9A0k' in 'where clause' 
[2019-11-21 19:10:36] Unknown column 'KnyOZyrA0J' in 'where clause' 
[2019-11-21 19:17:57] Unknown column 'orderid' in 'field list' 
[2019-11-21 15:41:32] Unknown column 'userid' in 'where clause' 
[2019-11-21 15:41:37] Unknown column 'userid' in 'where clause' 
[2019-11-21 15:41:58] Unknown column 'userid' in 'where clause' 
[2019-11-21 15:42:02] Unknown column 'userid' in 'where clause' 
[2019-11-21 15:42:21] Unknown column 'userid' in 'where clause' 
[2019-11-21 16:02:45] Unknown column 'states' in 'field list' 
[2019-11-21 16:03:02] Unknown column 'states' in 'field list' 
[2019-11-22 15:49:18] You have an error in your SQL syntax; check the manual that corresponds to your MySQL server version for the right syntax to use near '' at line 1 
[2019-11-22 15:50:28] You have an error in your SQL syntax; check the manual that corresponds to your MySQL server version for the right syntax to use near '' at line 1 
[2019-11-22 15:52:16] You have an error in your SQL syntax; check the manual that corresponds to your MySQL server version for the right syntax to use near '' at line 1 
[2019-11-22 15:54:24] You have an error in your SQL syntax; check the manual that corresponds to your MySQL server version for the right syntax to use near '' at line 1 
[2019-11-22 15:55:53] You have an error in your SQL syntax; check the manual that corresponds to your MySQL server version for the right syntax to use near '' at line 1 
[2019-11-22 15:56:34] You have an error in your SQL syntax; check the manual that corresponds to your MySQL server version for the right syntax to use near '' at line 1 
[2019-11-22 15:59:18] You have an error in your SQL syntax; check the manual that corresponds to your MySQL server version for the right syntax to use near '' at line 1 
